<?xml version="1.0"?>
<testsuites>
  <testsuite name="Firefox 21.0.0 (Windows 7)" package="undefined" timestamp="2013-06-19T13:24:28" id="0" hostname="DKCPW00165" tests="4" errors="0" failures="0" time="1.019">
    <properties>
      <property name="browser.fullName" value="Mozilla/5.0 (Windows NT 6.1; WOW64; rv:21.0) Gecko/20100101 Firefox/21.0"/>
    </properties>
    <testcase name="should contain a &quot;title&quot; with angular_rocks" time="0.574" classname="Firefox 21.0.0 (Windows 7).index2_html"/>
    <testcase name="should contain &quot;first&quot; in h1" time="0.129" classname="Firefox 21.0.0 (Windows 7).index2_html"/>
    <testcase name="should contain &quot;second&quot; in h1" time="0.148" classname="Firefox 21.0.0 (Windows 7).index2_html"/>
    <testcase name="first clicks button and go to second" time="0.168" classname="Firefox 21.0.0 (Windows 7).index2_html"/>
    <system-out><![CDATA[
]]></system-out>
    <system-err/>
  </testsuite>
  <testsuite name="Chrome 27.0.1453 (Windows 7)" package="undefined" timestamp="2013-06-19T13:24:28" id="0" hostname="DKCPW00165" tests="4" errors="0" failures="0" time="1.089">
    <properties>
      <property name="browser.fullName" value="Mozilla/5.0 (Windows NT 6.1; WOW64) AppleWebKit/537.36 (KHTML, like Gecko) Chrome/27.0.1453.110 Safari/537.36"/>
    </properties>
    <testcase name="should contain a &quot;title&quot; with angular_rocks" time="0.711" classname="Chrome 27.0.1453 (Windows 7).index2_html"/>
    <testcase name="should contain &quot;first&quot; in h1" time="0.116" classname="Chrome 27.0.1453 (Windows 7).index2_html"/>
    <testcase name="should contain &quot;second&quot; in h1" time="0.116" classname="Chrome 27.0.1453 (Windows 7).index2_html"/>
    <testcase name="first clicks button and go to second" time="0.146" classname="Chrome 27.0.1453 (Windows 7).index2_html"/>
    <system-out><![CDATA[
]]></system-out>
    <system-err/>
  </testsuite>
</testsuites>
